-------------------------------------------------------------------------------
Test set: com.sap.cloud.s4hana.examples.HelloWorldServletTest
-------------------------------------------------------------------------------
Tests run: 1, Failures: 1, Errors: 0, Skipped: 0, Time elapsed: 21.265 sec <<< FAILURE! - in com.sap.cloud.s4hana.examples.HelloWorldServletTest
testService(com.sap.cloud.s4hana.examples.HelloWorldServletTest)  Time elapsed: 4.357 sec  <<< FAILURE!
java.lang.AssertionError: 

Expecting:
 <"Hello Ralf!">
to be equal to:
 <"Hello World!">
ignoring case considerations
	at com.sap.cloud.s4hana.examples.HelloWorldServletTest.testService(HelloWorldServletTest.java:50)

